2025-01-15T08:53:23.115Z [info]: Server is running in port: 3000
2025-01-16T06:34:07.203Z [info]: Server is running in port: 3000
2025-01-16T06:35:00.317Z [info]: Server is running in port: 3000
2025-01-16T06:35:08.444Z [info]: Server is running in port: 3000
2025-01-16T06:35:20.277Z [info]: Server is running in port: 3000
2025-01-16T06:35:25.038Z [info]: Server is running in port: 3000
2025-01-16T06:35:41.808Z [info]: Server is running in port: 3000
2025-01-16T06:35:45.615Z [info]: Server is running in port: 3000
2025-01-16T06:35:52.307Z [info]: Server is running in port: 3000
2025-01-16T06:35:54.310Z [info]: Server is running in port: 3000
2025-01-16T06:35:59.459Z [info]: Server is running in port: 3000
2025-01-16T06:36:12.655Z [info]: Server is running in port: 3000
2025-01-16T06:36:20.581Z [info]: Server is running in port: 3000
2025-01-16T06:36:28.419Z [info]: Server is running in port: 3000
2025-01-16T06:36:34.016Z [info]: Server is running in port: 3000
2025-01-16T06:36:55.402Z [info]: Server is running in port: 3000
2025-01-16T06:37:01.589Z [info]: Server is running in port: 3000
2025-01-16T06:37:02.858Z [info]: Server is running in port: 3000
2025-01-16T06:37:22.044Z [info]: Server is running in port: 3000
2025-01-16T06:37:28.804Z [info]: Server is running in port: 3000
2025-01-16T06:37:32.183Z [info]: Server is running in port: 3000
2025-01-16T06:37:54.278Z [info]: 3000
2025-01-16T06:37:54.285Z [info]: Server is running in port: 3000
2025-01-16T06:38:28.422Z [info]: 3000
2025-01-16T06:38:28.430Z [info]: Server is running in port: 3000
2025-01-16T06:38:32.905Z [info]: 3000
2025-01-16T06:38:32.910Z [info]: Server is running in port: 3000
2025-01-16T06:38:38.409Z [info]: 3000
2025-01-16T06:38:38.416Z [info]: Server is running in port: 3000
2025-01-20T03:27:38.936Z [info]: 3000
2025-01-20T03:27:38.942Z [info]: Server is running in port: 3000
2025-02-05T02:00:40.856Z [info]: Server is running in port: 3000
2025-02-05T02:01:08.955Z [info]: Server is running in port: 3000
2025-02-05T02:01:25.888Z [info]: Server is running in port: 3000
2025-02-05T02:01:34.137Z [info]: Server is running in port: 3000
2025-02-05T03:51:50.420Z [info]: Server is running in port: 3000
2025-02-05T03:53:10.834Z [info]: Server is running in port: 3000
2025-02-05T03:53:13.882Z [info]: Server is running in port: 3000
2025-02-05T03:53:14.694Z [info]: Server is running in port: 3000
2025-02-05T03:53:34.037Z [info]: Server is running in port: 3000
2025-02-05T03:54:06.935Z [info]: Server is running in port: 3000
2025-02-05T03:54:10.198Z [info]: Server is running in port: 3000
2025-02-05T03:54:17.801Z [info]: Server is running in port: 3000
2025-02-05T03:54:43.508Z [info]: Server is running in port: 3000
2025-02-05T03:54:47.499Z [info]: Server is running in port: 3000
2025-02-05T03:55:11.882Z [info]: Server is running in port: 3000
2025-02-05T03:55:17.914Z [info]: Server is running in port: 3000
2025-02-05T03:55:19.036Z [info]: Server is running in port: 3000
2025-02-05T03:55:24.596Z [info]: Server is running in port: 3000
2025-02-05T03:55:29.813Z [info]: Server is running in port: 3000
2025-02-05T03:55:34.675Z [info]: Server is running in port: 3000
2025-02-05T03:55:47.047Z [info]: Server is running in port: 3000
2025-02-05T03:55:49.043Z [info]: Server is running in port: 3000
2025-02-05T03:56:24.143Z [info]: Server is running in port: 3000
2025-02-05T03:56:35.225Z [info]: Server is running in port: 3000
2025-02-05T03:56:38.957Z [info]: Server is running in port: 3000
2025-02-05T03:56:44.156Z [info]: Server is running in port: 3000
2025-02-05T03:56:47.182Z [info]: Server is running in port: 3000
2025-02-05T03:57:58.040Z [info]: Server is running in port: 3000
2025-02-05T03:58:02.019Z [info]: Server is running in port: 3000
2025-02-06T14:46:42.982Z [info]: Server is running in port: 3000
2025-02-06T14:46:43.023Z [info]: Database connected
2025-02-06T14:47:26.126Z [info]: Server is running in port: 3000
2025-02-06T14:47:26.188Z [info]: Database connected
2025-02-06T14:47:34.521Z [info]: Server is running in port: 3000
2025-02-06T14:47:34.581Z [info]: Database connected
2025-02-06T14:47:38.938Z [info]: Server is running in port: 3000
2025-02-06T14:47:38.994Z [info]: Database connected
2025-02-06T14:48:07.390Z [info]: Server is running in port: 3000
2025-02-06T14:48:07.446Z [info]: Database connected
2025-02-06T14:48:16.276Z [info]: Server is running in port: 3000
2025-02-06T14:48:16.420Z [error]: Connect database error: 
2025-02-06T14:48:25.063Z [info]: Server is running in port: 3000
2025-02-06T14:48:25.134Z [error]: Connect database error: 
2025-02-06T14:48:31.232Z [info]: Server is running in port: 3000
2025-02-06T14:48:31.278Z [error]: Connect database error: 
2025-02-06T14:48:45.268Z [info]: Server is running in port: 3000
2025-02-06T14:48:45.323Z [error]: Connect database error:  Column type for Todo#name is not defined and cannot be guessed. Make sure you have turned on an "emitDecoratorMetadata": true option in tsconfig.json. Also make sure you have imported "reflect-metadata" on top of the main entry file in your application (before any entity imported).If you are using JavaScript instead of TypeScript you must explicitly provide a column type. | {"stack":"ColumnTypeUndefinedError: Column type for Todo#name is not defined and cannot be guessed. Make sure you have turned on an \"emitDecoratorMetadata\": true option in tsconfig.json. Also make sure you have imported \"reflect-metadata\" on top of the main entry file in your application (before any entity imported).If you are using JavaScript instead of TypeScript you must explicitly provide a column type.\n    at <anonymous> (/home/lesytruong/projects/boilerplates/node_modules/typeorm/decorator/src/decorator/columns/Column.ts:192:23)\n    at __decorateClass (/home/lesytruong/projects/boilerplates/src/entities/todo.entity.ts:2:962)\n    at <anonymous> (/home/lesytruong/projects/boilerplates/src/entities/todo.entity.ts:9:3)\n    at Object.<anonymous> (/home/lesytruong/projects/boilerplates/src/entities/todo.entity.ts:4:14)\n    at Module._compile (node:internal/modules/cjs/loader:1356:14)\n    at Object.transformer (/home/lesytruong/projects/boilerplates/node_modules/tsx/dist/register-DCnOAxY2.cjs:2:1186)\n    at Module.load (node:internal/modules/cjs/loader:1197:32)\n    at Module._load (node:internal/modules/cjs/loader:1013:12)\n    at Module.require (node:internal/modules/cjs/loader:1225:19)\n    at require (node:internal/modules/helpers:177:18)"}
2025-02-06T14:49:07.168Z [info]: Server is running in port: 3000
2025-02-06T14:49:07.221Z [error]: Connect database error:  Column type for Todo#name is not defined and cannot be guessed. Make sure you have turned on an "emitDecoratorMetadata": true option in tsconfig.json. Also make sure you have imported "reflect-metadata" on top of the main entry file in your application (before any entity imported).If you are using JavaScript instead of TypeScript you must explicitly provide a column type. | {"stack":"ColumnTypeUndefinedError: Column type for Todo#name is not defined and cannot be guessed. Make sure you have turned on an \"emitDecoratorMetadata\": true option in tsconfig.json. Also make sure you have imported \"reflect-metadata\" on top of the main entry file in your application (before any entity imported).If you are using JavaScript instead of TypeScript you must explicitly provide a column type.\n    at <anonymous> (/home/lesytruong/projects/boilerplates/node_modules/typeorm/decorator/src/decorator/columns/Column.ts:192:23)\n    at __decorateClass (/home/lesytruong/projects/boilerplates/src/entities/todo.entity.ts:2:962)\n    at <anonymous> (/home/lesytruong/projects/boilerplates/src/entities/todo.entity.ts:9:3)\n    at Object.<anonymous> (/home/lesytruong/projects/boilerplates/src/entities/todo.entity.ts:4:14)\n    at Module._compile (node:internal/modules/cjs/loader:1356:14)\n    at Object.transformer (/home/lesytruong/projects/boilerplates/node_modules/tsx/dist/register-DCnOAxY2.cjs:2:1186)\n    at Module.load (node:internal/modules/cjs/loader:1197:32)\n    at Module._load (node:internal/modules/cjs/loader:1013:12)\n    at Module.require (node:internal/modules/cjs/loader:1225:19)\n    at require (node:internal/modules/helpers:177:18)"}
2025-02-06T14:49:49.733Z [info]: Server is running in port: 3000
2025-02-06T14:49:49.784Z [error]: Connect database error: 
2025-02-06T14:49:55.068Z [info]: Server is running in port: 3000
2025-02-06T14:49:55.122Z [error]: Connect database error:  Column type for Todo#name is not defined and cannot be guessed. Make sure you have turned on an "emitDecoratorMetadata": true option in tsconfig.json. Also make sure you have imported "reflect-metadata" on top of the main entry file in your application (before any entity imported).If you are using JavaScript instead of TypeScript you must explicitly provide a column type. | {"stack":"ColumnTypeUndefinedError: Column type for Todo#name is not defined and cannot be guessed. Make sure you have turned on an \"emitDecoratorMetadata\": true option in tsconfig.json. Also make sure you have imported \"reflect-metadata\" on top of the main entry file in your application (before any entity imported).If you are using JavaScript instead of TypeScript you must explicitly provide a column type.\n    at <anonymous> (/home/lesytruong/projects/boilerplates/node_modules/typeorm/decorator/src/decorator/columns/Column.ts:192:23)\n    at __decorateClass (/home/lesytruong/projects/boilerplates/src/entities/todo.entity.ts:2:962)\n    at <anonymous> (/home/lesytruong/projects/boilerplates/src/entities/todo.entity.ts:9:3)\n    at Object.<anonymous> (/home/lesytruong/projects/boilerplates/src/entities/todo.entity.ts:4:14)\n    at Module._compile (node:internal/modules/cjs/loader:1356:14)\n    at Object.transformer (/home/lesytruong/projects/boilerplates/node_modules/tsx/dist/register-DCnOAxY2.cjs:2:1186)\n    at Module.load (node:internal/modules/cjs/loader:1197:32)\n    at Module._load (node:internal/modules/cjs/loader:1013:12)\n    at Module.require (node:internal/modules/cjs/loader:1225:19)\n    at require (node:internal/modules/helpers:177:18)"}
2025-02-06T14:51:41.909Z [error]: Connect database error:  Column type for Todo#name is not defined and cannot be guessed. Make sure you have turned on an "emitDecoratorMetadata": true option in tsconfig.json. Also make sure you have imported "reflect-metadata" on top of the main entry file in your application (before any entity imported).If you are using JavaScript instead of TypeScript you must explicitly provide a column type. | {"stack":"ColumnTypeUndefinedError: Column type for Todo#name is not defined and cannot be guessed. Make sure you have turned on an \"emitDecoratorMetadata\": true option in tsconfig.json. Also make sure you have imported \"reflect-metadata\" on top of the main entry file in your application (before any entity imported).If you are using JavaScript instead of TypeScript you must explicitly provide a column type.\n    at <anonymous> (/home/lesytruong/projects/boilerplates/node_modules/typeorm/decorator/src/decorator/columns/Column.ts:192:23)\n    at __decorateClass (/home/lesytruong/projects/boilerplates/src/entities/todo.entity.ts:2:962)\n    at <anonymous> (/home/lesytruong/projects/boilerplates/src/entities/todo.entity.ts:9:3)\n    at Object.<anonymous> (/home/lesytruong/projects/boilerplates/src/entities/todo.entity.ts:4:14)\n    at Module._compile (node:internal/modules/cjs/loader:1356:14)\n    at Object.transformer (/home/lesytruong/projects/boilerplates/node_modules/tsx/dist/register-DCnOAxY2.cjs:2:1186)\n    at Module.load (node:internal/modules/cjs/loader:1197:32)\n    at Module._load (node:internal/modules/cjs/loader:1013:12)\n    at Module.require (node:internal/modules/cjs/loader:1225:19)\n    at require (node:internal/modules/helpers:177:18)"}
2025-02-06T14:52:02.748Z [info]: Server is running in port: 3000
2025-02-06T14:52:02.797Z [error]: Connect database error:  Column type for Todo#name is not defined and cannot be guessed. Make sure you have turned on an "emitDecoratorMetadata": true option in tsconfig.json. Also make sure you have imported "reflect-metadata" on top of the main entry file in your application (before any entity imported).If you are using JavaScript instead of TypeScript you must explicitly provide a column type. | {"stack":"ColumnTypeUndefinedError: Column type for Todo#name is not defined and cannot be guessed. Make sure you have turned on an \"emitDecoratorMetadata\": true option in tsconfig.json. Also make sure you have imported \"reflect-metadata\" on top of the main entry file in your application (before any entity imported).If you are using JavaScript instead of TypeScript you must explicitly provide a column type.\n    at <anonymous> (/home/lesytruong/projects/boilerplates/node_modules/typeorm/decorator/src/decorator/columns/Column.ts:192:23)\n    at __decorateClass (/home/lesytruong/projects/boilerplates/src/entities/todo.entity.ts:2:962)\n    at <anonymous> (/home/lesytruong/projects/boilerplates/src/entities/todo.entity.ts:9:3)\n    at Object.<anonymous> (/home/lesytruong/projects/boilerplates/src/entities/todo.entity.ts:4:14)\n    at Module._compile (node:internal/modules/cjs/loader:1356:14)\n    at Object.transformer (/home/lesytruong/projects/boilerplates/node_modules/tsx/dist/register-DCnOAxY2.cjs:2:1186)\n    at Module.load (node:internal/modules/cjs/loader:1197:32)\n    at Module._load (node:internal/modules/cjs/loader:1013:12)\n    at Module.require (node:internal/modules/cjs/loader:1225:19)\n    at require (node:internal/modules/helpers:177:18)"}
2025-02-06T14:52:49.338Z [info]: Server is running in port: 3000
2025-02-06T14:52:49.397Z [error]: Connect database error:  Column type for Todo#name is not defined and cannot be guessed. Make sure you have turned on an "emitDecoratorMetadata": true option in tsconfig.json. Also make sure you have imported "reflect-metadata" on top of the main entry file in your application (before any entity imported).If you are using JavaScript instead of TypeScript you must explicitly provide a column type. | {"stack":"ColumnTypeUndefinedError: Column type for Todo#name is not defined and cannot be guessed. Make sure you have turned on an \"emitDecoratorMetadata\": true option in tsconfig.json. Also make sure you have imported \"reflect-metadata\" on top of the main entry file in your application (before any entity imported).If you are using JavaScript instead of TypeScript you must explicitly provide a column type.\n    at <anonymous> (/home/lesytruong/projects/boilerplates/node_modules/typeorm/decorator/src/decorator/columns/Column.ts:192:23)\n    at __decorateClass (/home/lesytruong/projects/boilerplates/src/entities/todo.entity.ts:2:962)\n    at <anonymous> (/home/lesytruong/projects/boilerplates/src/entities/todo.entity.ts:9:3)\n    at Object.<anonymous> (/home/lesytruong/projects/boilerplates/src/entities/todo.entity.ts:4:14)\n    at Module._compile (node:internal/modules/cjs/loader:1356:14)\n    at Object.transformer (/home/lesytruong/projects/boilerplates/node_modules/tsx/dist/register-DCnOAxY2.cjs:2:1186)\n    at Module.load (node:internal/modules/cjs/loader:1197:32)\n    at Module._load (node:internal/modules/cjs/loader:1013:12)\n    at Module.require (node:internal/modules/cjs/loader:1225:19)\n    at require (node:internal/modules/helpers:177:18)"}
2025-02-06T14:52:57.818Z [info]: Server is running in port: 3000
2025-02-06T14:52:59.796Z [info]: Server is running in port: 3000
2025-02-06T14:53:28.077Z [info]: Server is running in port: 3000
2025-02-06T14:53:38.905Z [error]: Connect database error:  Column type for Todo#name is not defined and cannot be guessed. Make sure you have turned on an "emitDecoratorMetadata": true option in tsconfig.json. Also make sure you have imported "reflect-metadata" on top of the main entry file in your application (before any entity imported).If you are using JavaScript instead of TypeScript you must explicitly provide a column type. | {"stack":"ColumnTypeUndefinedError: Column type for Todo#name is not defined and cannot be guessed. Make sure you have turned on an \"emitDecoratorMetadata\": true option in tsconfig.json. Also make sure you have imported \"reflect-metadata\" on top of the main entry file in your application (before any entity imported).If you are using JavaScript instead of TypeScript you must explicitly provide a column type.\n    at <anonymous> (/home/lesytruong/projects/boilerplates/node_modules/typeorm/decorator/src/decorator/columns/Column.ts:192:23)\n    at __decorateClass (/home/lesytruong/projects/boilerplates/src/entities/todo.entity.ts:2:962)\n    at <anonymous> (/home/lesytruong/projects/boilerplates/src/entities/todo.entity.ts:9:3)\n    at Object.<anonymous> (/home/lesytruong/projects/boilerplates/src/entities/todo.entity.ts:4:14)\n    at Module._compile (node:internal/modules/cjs/loader:1356:14)\n    at Object.transformer (/home/lesytruong/projects/boilerplates/node_modules/tsx/dist/register-DCnOAxY2.cjs:2:1186)\n    at Module.load (node:internal/modules/cjs/loader:1197:32)\n    at Module._load (node:internal/modules/cjs/loader:1013:12)\n    at Module.require (node:internal/modules/cjs/loader:1225:19)\n    at require (node:internal/modules/helpers:177:18)"}
2025-02-06T14:53:38.910Z [info]: Server is running in port: 3000
2025-02-06T14:55:00.984Z [error]: ❌ Database connection failed: Column type for Todo#name is not defined and cannot be guessed. Make sure you have turned on an "emitDecoratorMetadata": true option in tsconfig.json. Also make sure you have imported "reflect-metadata" on top of the main entry file in your application (before any entity imported).If you are using JavaScript instead of TypeScript you must explicitly provide a column type. | {"stack":"ColumnTypeUndefinedError: Column type for Todo#name is not defined and cannot be guessed. Make sure you have turned on an \"emitDecoratorMetadata\": true option in tsconfig.json. Also make sure you have imported \"reflect-metadata\" on top of the main entry file in your application (before any entity imported).If you are using JavaScript instead of TypeScript you must explicitly provide a column type.\n    at <anonymous> (/home/lesytruong/projects/boilerplates/node_modules/typeorm/decorator/src/decorator/columns/Column.ts:192:23)\n    at __decorateClass (/home/lesytruong/projects/boilerplates/src/entities/todo.entity.ts:2:962)\n    at <anonymous> (/home/lesytruong/projects/boilerplates/src/entities/todo.entity.ts:9:3)\n    at Object.<anonymous> (/home/lesytruong/projects/boilerplates/src/entities/todo.entity.ts:4:14)\n    at Module._compile (node:internal/modules/cjs/loader:1356:14)\n    at Object.transformer (/home/lesytruong/projects/boilerplates/node_modules/tsx/dist/register-DCnOAxY2.cjs:2:1186)\n    at Module.load (node:internal/modules/cjs/loader:1197:32)\n    at Module._load (node:internal/modules/cjs/loader:1013:12)\n    at Module.require (node:internal/modules/cjs/loader:1225:19)\n    at require (node:internal/modules/helpers:177:18)"}
2025-02-06T14:55:08.181Z [error]: ❌ Database connection failed: Column type for Todo#name is not defined and cannot be guessed. Make sure you have turned on an "emitDecoratorMetadata": true option in tsconfig.json. Also make sure you have imported "reflect-metadata" on top of the main entry file in your application (before any entity imported).If you are using JavaScript instead of TypeScript you must explicitly provide a column type. | {"stack":"ColumnTypeUndefinedError: Column type for Todo#name is not defined and cannot be guessed. Make sure you have turned on an \"emitDecoratorMetadata\": true option in tsconfig.json. Also make sure you have imported \"reflect-metadata\" on top of the main entry file in your application (before any entity imported).If you are using JavaScript instead of TypeScript you must explicitly provide a column type.\n    at <anonymous> (/home/lesytruong/projects/boilerplates/node_modules/typeorm/decorator/src/decorator/columns/Column.ts:192:23)\n    at __decorateClass (/home/lesytruong/projects/boilerplates/src/entities/todo.entity.ts:2:962)\n    at <anonymous> (/home/lesytruong/projects/boilerplates/src/entities/todo.entity.ts:9:3)\n    at Object.<anonymous> (/home/lesytruong/projects/boilerplates/src/entities/todo.entity.ts:4:14)\n    at Module._compile (node:internal/modules/cjs/loader:1356:14)\n    at Object.transformer (/home/lesytruong/projects/boilerplates/node_modules/tsx/dist/register-DCnOAxY2.cjs:2:1186)\n    at Module.load (node:internal/modules/cjs/loader:1197:32)\n    at Module._load (node:internal/modules/cjs/loader:1013:12)\n    at Module.require (node:internal/modules/cjs/loader:1225:19)\n    at require (node:internal/modules/helpers:177:18)"}
2025-02-06T14:56:10.455Z [error]: ❌ Database connection failed: Transform failed with 1 error:
/home/lesytruong/projects/boilerplates/src/entities/todo.entity.ts:8:14: ERROR: Expected ")" but found ":" | {"name":"TransformError","stack":"Error: Transform failed with 1 error:\n/home/lesytruong/projects/boilerplates/src/entities/todo.entity.ts:8:14: ERROR: Expected \")\" but found \":\"\n    at failureErrorWithLog (/home/lesytruong/projects/boilerplates/node_modules/esbuild/lib/main.js:1476:15)\n    at /home/lesytruong/projects/boilerplates/node_modules/esbuild/lib/main.js:755:50\n    at responseCallbacks.<computed> (/home/lesytruong/projects/boilerplates/node_modules/esbuild/lib/main.js:622:9)\n    at handleIncomingPacket (/home/lesytruong/projects/boilerplates/node_modules/esbuild/lib/main.js:677:12)\n    at Socket.readFromStdout (/home/lesytruong/projects/boilerplates/node_modules/esbuild/lib/main.js:600:7)\n    at Socket.emit (node:events:517:28)\n    at addChunk (node:internal/streams/readable:368:12)\n    at readableAddChunk (node:internal/streams/readable:341:9)\n    at Readable.push (node:internal/streams/readable:278:10)\n    at Pipe.onStreamRead (node:internal/stream_base_commons:190:23)"}
2025-02-06T14:56:28.664Z [info]: ✅ Database connected successfully!
2025-02-06T14:56:28.669Z [info]: 🚀 Server running on port 3000
2025-02-06T14:56:44.799Z [info]: ✅ Database connected successfully!
2025-02-06T14:56:44.804Z [info]: 🚀 Server running on port 3000
2025-02-06T14:56:47.340Z [info]: ✅ Database connected successfully!
2025-02-06T14:56:47.344Z [info]: 🚀 Server running on port 3000
